{"/Users/daniel/Documents/projects/project-tracker/client/src/components/Header.tsx": {"path":"/Users/daniel/Documents/projects/project-tracker/client/src/components/Header.tsx","statementMap":{"0":{"start":{"line":1,"column":0},"end":{"line":1,"column":43}},"1":{"start":{"line":3,"column":15},"end":{"line":14,"column":1}},"2":{"start":{"line":4,"column":4},"end":{"line":13,"column":6}},"3":{"start":{"line":16,"column":0},"end":{"line":16,"column":22}}},"fnMap":{"0":{"name":"(anonymous_0)","decl":{"start":{"line":3,"column":15},"end":{"line":3,"column":18}},"loc":{"start":{"line":3,"column":20},"end":{"line":14,"column":1}}}},"branchMap":{},"s":{"0":1,"1":1,"2":1,"3":1},"f":{"0":1},"b":{}}
}
